TFTBLE/Android-TFTBLE/app/build/intermediates/manifest_merge_blame_file/release/manifest-merger-blame-release-report.txt
1<?xml version="1.0" encoding="utf-8"?>
2<manifest xmlns:android="http://schemas.android.com/apk/res/android"
3    package="com.topflytech.tftble"
4    android:versionCode="59"
5    android:versionName="1.0.56" >
6
7    <uses-sdk
8        android:minSdkVersion="23"
9        android:targetSdkVersion="34" />
10
11    <uses-permission
11-->src\main\AndroidManifest.xml:6:5-68
12        android:name="android.permission.BLUETOOTH"
12-->src\main\AndroidManifest.xml:6:22-65
13        android:maxSdkVersion="30" />
13-->[dfu-release.aar] AndroidManifest.xml:22:9-35
14    <uses-permission
14-->src\main\AndroidManifest.xml:7:5-74
15        android:name="android.permission.BLUETOOTH_ADMIN"
15-->src\main\AndroidManifest.xml:7:22-71
16        android:maxSdkVersion="30" />
16-->[dfu-release.aar] AndroidManifest.xml:30:9-35
17    <uses-permission android:name="android.permission.ACCESS_FINE_LOCATION" />
17-->src\main\AndroidManifest.xml:8:5-79
17-->src\main\AndroidManifest.xml:8:22-76
18    <uses-permission android:name="android.permission.ACCESS_COARSE_LOCATION" />
18-->src\main\AndroidManifest.xml:9:5-81
18-->src\main\AndroidManifest.xml:9:22-78
19    <uses-permission android:name="android.permission.BLUETOOTH_CONNECT" />
19-->src\main\AndroidManifest.xml:10:5-76
19-->src\main\AndroidManifest.xml:10:22-73
20    <uses-permission android:name="android.permission.BLUETOOTH_SCAN" />
20-->src\main\AndroidManifest.xml:11:5-73
20-->src\main\AndroidManifest.xml:11:22-70
21    <uses-permission android:name="android.permission.READ_EXTERNAL_STORAGE" />
21-->src\main\AndroidManifest.xml:12:5-80
21-->src\main\AndroidManifest.xml:12:22-77
22    <uses-permission android:name="android.permission.VIBRATE" />
22-->src\main\AndroidManifest.xml:13:5-66
22-->src\main\AndroidManifest.xml:13:22-63
23    <uses-permission android:name="android.permission.CAMERA" />
23-->src\main\AndroidManifest.xml:14:5-65
23-->src\main\AndroidManifest.xml:14:22-62
24    <uses-permission android:name="android.permission.WRITE_EXTERNAL_STORAGE" />
24-->src\main\AndroidManifest.xml:15:5-81
24-->src\main\AndroidManifest.xml:15:22-78
25    <uses-permission android:name="android.permission.READ_PHONE_STATE" />
25-->src\main\AndroidManifest.xml:16:5-75
25-->src\main\AndroidManifest.xml:16:22-72
26    <uses-permission android:name="android.permission.INTERNET" />
26-->src\main\AndroidManifest.xml:17:5-67
26-->src\main\AndroidManifest.xml:17:22-64
27    <uses-permission android:name="android.permission.ACCESS_NETWORK_STATE" />
27-->src\main\AndroidManifest.xml:18:5-79
27-->src\main\AndroidManifest.xml:18:22-76
28    <uses-permission android:name="android.permission.ACCESS_WIFI_STATE" />
28-->src\main\AndroidManifest.xml:19:5-76
28-->src\main\AndroidManifest.xml:19:22-73
29    <uses-permission android:name="android.permission.FOREGROUND_SERVICE" />
29-->src\main\AndroidManifest.xml:20:5-77
29-->src\main\AndroidManifest.xml:20:22-74
30    <uses-permission android:name="android.permission.READ_LOGS" />
30-->src\main\AndroidManifest.xml:21:5-23:47
30-->src\main\AndroidManifest.xml:22:9-52
31    <uses-permission android:name="android.permission.FOREGROUND_SERVICE_CONNECTED_DEVICE" />
31-->src\main\AndroidManifest.xml:24:5-94
31-->src\main\AndroidManifest.xml:24:22-91
32
33    <uses-feature android:name="android.hardware.camera" />
33-->src\main\AndroidManifest.xml:26:5-60
33-->src\main\AndroidManifest.xml:26:19-57
34    <uses-feature android:name="android.hardware.camera.autofocus" />
34-->src\main\AndroidManifest.xml:27:5-70
34-->src\main\AndroidManifest.xml:27:19-67
35    <uses-feature
35-->src\main\AndroidManifest.xml:28:5-30:35
36        android:name="android.hardware.bluetooth_le"
36-->src\main\AndroidManifest.xml:29:9-53
37        android:required="true" />
37-->src\main\AndroidManifest.xml:30:9-32
38    <uses-feature
38-->src\main\AndroidManifest.xml:28:5-30:35
39        android:name="android.hardware.bluetooth_le"
39-->src\main\AndroidManifest.xml:29:9-53
40        android:required="true" />
40-->src\main\AndroidManifest.xml:30:9-32
41
42    <uses-permission android:name="android.permission.FLASHLIGHT" />
42-->[com.github.jenly1314:camera-scan:1.0.1] AndroidManifest.xml:9:5-69
42-->[com.github.jenly1314:camera-scan:1.0.1] AndroidManifest.xml:9:22-66
43
44    <permission
44-->[androidx.core:core:1.13.0] AndroidManifest.xml:22:5-24:47
45        android:name="com.topflytech.tftble.DYNAMIC_RECEIVER_NOT_EXPORTED_PERMISSION"
45-->[androidx.core:core:1.13.0] AndroidManifest.xml:23:9-81
46        android:protectionLevel="signature" />
46-->[androidx.core:core:1.13.0] AndroidManifest.xml:24:9-44
47
48    <uses-permission android:name="com.topflytech.tftble.DYNAMIC_RECEIVER_NOT_EXPORTED_PERMISSION" />
48-->[androidx.core:core:1.13.0] AndroidManifest.xml:26:5-97
48-->[androidx.core:core:1.13.0] AndroidManifest.xml:26:22-94
49
50    <uses-feature
50-->[cn.bingoogolapple:bga-qrcode-core:1.3.7] AndroidManifest.xml:15:5-17:36
51        android:name="android.hardware.camera.flash"
51-->[cn.bingoogolapple:bga-qrcode-core:1.3.7] AndroidManifest.xml:16:9-53
52        android:required="false" />
52-->[cn.bingoogolapple:bga-qrcode-core:1.3.7] AndroidManifest.xml:17:9-33
53
54    <application
54-->src\main\AndroidManifest.xml:35:5-123:19
55        android:allowBackup="true"
55-->src\main\AndroidManifest.xml:36:9-35
56        android:appComponentFactory="androidx.core.app.CoreComponentFactory"
56-->[androidx.core:core:1.13.0] AndroidManifest.xml:28:18-86
57        android:extractNativeLibs="false"
58        android:icon="@mipmap/ic_launcher"
58-->src\main\AndroidManifest.xml:37:9-43
59        android:label="@string/app_name"
59-->src\main\AndroidManifest.xml:38:9-41
60        android:requestLegacyExternalStorage="true"
60-->src\main\AndroidManifest.xml:39:9-52
61        android:roundIcon="@mipmap/ic_launcher_round"
61-->src\main\AndroidManifest.xml:40:9-54
62        android:supportsRtl="true"
62-->src\main\AndroidManifest.xml:41:9-35
63        android:theme="@style/MyAppTheme"
63-->src\main\AndroidManifest.xml:42:9-42
64        android:usesCleartextTraffic="true" >
64-->src\main\AndroidManifest.xml:43:9-44
65        <activity
65-->src\main\AndroidManifest.xml:45:9-47:40
66            android:name="com.topflytech.tftble.EditNegativeTriggerSinglePulseActivity"
66-->src\main\AndroidManifest.xml:46:13-67
67            android:exported="false" />
67-->src\main\AndroidManifest.xml:47:13-37
68        <activity
68-->src\main\AndroidManifest.xml:48:9-50:40
69            android:name="com.topflytech.tftble.EditNegativeTriggerMultiPulseActivity"
69-->src\main\AndroidManifest.xml:49:13-66
70            android:exported="false" />
70-->src\main\AndroidManifest.xml:50:13-37
71        <activity
71-->src\main\AndroidManifest.xml:51:9-53:40
72            android:name="com.topflytech.tftble.EditPulseDelayActivity"
72-->src\main\AndroidManifest.xml:52:13-51
73            android:exported="false" />
73-->src\main\AndroidManifest.xml:53:13-37
74        <activity
74-->src\main\AndroidManifest.xml:54:9-56:40
75            android:name="com.topflytech.tftble.EditSecondPulseDelayActivity"
75-->src\main\AndroidManifest.xml:55:13-57
76            android:exported="false" />
76-->src\main\AndroidManifest.xml:56:13-37
77        <activity
77-->src\main\AndroidManifest.xml:57:9-59:40
78            android:name="com.topflytech.tftble.EditRS485CmdActivity"
78-->src\main\AndroidManifest.xml:58:13-49
79            android:exported="false" />
79-->src\main\AndroidManifest.xml:59:13-37
80
81        <provider
81-->src\main\AndroidManifest.xml:61:9-69:20
82            android:name="androidx.core.content.FileProvider"
82-->src\main\AndroidManifest.xml:62:13-62
83            android:authorities="com.topflytech.tftble.fileprovider"
83-->src\main\AndroidManifest.xml:63:13-69
84            android:exported="false"
84-->src\main\AndroidManifest.xml:64:13-37
85            android:grantUriPermissions="true" >
85-->src\main\AndroidManifest.xml:65:13-47
86            <meta-data
86-->src\main\AndroidManifest.xml:66:13-68:58
87                android:name="android.support.FILE_PROVIDER_PATHS"
87-->src\main\AndroidManifest.xml:67:17-67
88                android:resource="@xml/provider_paths" />
88-->src\main\AndroidManifest.xml:68:17-55
89        </provider>
90
91        <meta-data
91-->src\main\AndroidManifest.xml:71:9-73:42
92            android:name="BUGLY_APPID"
92-->src\main\AndroidManifest.xml:72:13-39
93            android:value="88ff3fb810" />
93-->src\main\AndroidManifest.xml:73:13-39
94        <meta-data
94-->src\main\AndroidManifest.xml:74:9-76:36
95            android:name="BUGLY_APP_CHANNEL"
95-->src\main\AndroidManifest.xml:75:13-45
96            android:value="play" /> <!-- 配置Bugly调试模式（true或者false） -->
96-->src\main\AndroidManifest.xml:76:13-33
97        <meta-data
97-->src\main\AndroidManifest.xml:77:9-79:37
98            android:name="BUGLY_ENABLE_DEBUG"
98-->src\main\AndroidManifest.xml:78:13-46
99            android:value="false" />
99-->src\main\AndroidManifest.xml:79:13-34
100
101        <activity android:name="com.topflytech.tftble.SmtpSettingActivity" />
101-->src\main\AndroidManifest.xml:81:9-57
101-->src\main\AndroidManifest.xml:81:19-54
102        <activity android:name="com.topflytech.tftble.ScanActivity" />
102-->src\main\AndroidManifest.xml:82:9-50
102-->src\main\AndroidManifest.xml:82:19-47
103        <activity android:name="com.topflytech.tftble.ChartDetailActivity" />
103-->src\main\AndroidManifest.xml:83:9-57
103-->src\main\AndroidManifest.xml:83:19-54
104        <activity android:name="com.topflytech.tftble.HistoryReportActivity" />
104-->src\main\AndroidManifest.xml:84:9-59
104-->src\main\AndroidManifest.xml:84:19-56
105        <activity android:name="com.topflytech.tftble.HistorySelectActivity" />
105-->src\main\AndroidManifest.xml:85:9-59
105-->src\main\AndroidManifest.xml:85:19-56
106        <activity android:name="com.topflytech.tftble.EditRangeValueActivity" />
106-->src\main\AndroidManifest.xml:86:9-60
106-->src\main\AndroidManifest.xml:86:19-57
107        <activity android:name="com.topflytech.tftble.EditConnectPwdActivity" />
107-->src\main\AndroidManifest.xml:87:9-60
107-->src\main\AndroidManifest.xml:87:19-57
108        <activity android:name="com.topflytech.tftble.EditDoutOutputStatusActivity" />
108-->src\main\AndroidManifest.xml:88:9-66
108-->src\main\AndroidManifest.xml:88:19-63
109        <activity android:name="com.topflytech.tftble.EditPositiveNegativeWarningActivity" />
109-->src\main\AndroidManifest.xml:89:9-73
109-->src\main\AndroidManifest.xml:89:19-70
110        <activity android:name="com.topflytech.tftble.WeChatQRCodeActivity" />
110-->src\main\AndroidManifest.xml:90:9-58
110-->src\main\AndroidManifest.xml:90:19-55
111        <activity
111-->src\main\AndroidManifest.xml:91:9-93:40
112            android:name="com.topflytech.tftble.EditInstructionSequenceActivity"
112-->src\main\AndroidManifest.xml:92:13-60
113            android:exported="false" />
113-->src\main\AndroidManifest.xml:93:13-37
114        <activity
114-->src\main\AndroidManifest.xml:94:9-96:62
115            android:name="com.topflytech.tftble.EditPwdActivity"
115-->src\main\AndroidManifest.xml:95:13-44
116            android:configChanges="orientation|screenSize" />
116-->src\main\AndroidManifest.xml:96:13-59
117        <activity
117-->src\main\AndroidManifest.xml:97:9-99:59
118            android:name="com.topflytech.tftble.EditActivity"
118-->src\main\AndroidManifest.xml:98:13-41
119            android:label="@string/title_activity_edit" />
119-->src\main\AndroidManifest.xml:99:13-56
120        <activity android:name="com.topflytech.tftble.SuperPwdResetActivity" />
120-->src\main\AndroidManifest.xml:100:9-59
120-->src\main\AndroidManifest.xml:100:19-56
121        <activity
121-->src\main\AndroidManifest.xml:101:9-110:20
122            android:name="com.topflytech.tftble.MainActivity"
122-->src\main\AndroidManifest.xml:102:13-41
123            android:configChanges="orientation|screenSize"
123-->src\main\AndroidManifest.xml:103:13-59
124            android:exported="true" >
124-->src\main\AndroidManifest.xml:104:13-36
125            <intent-filter>
125-->src\main\AndroidManifest.xml:105:13-109:29
126                <action android:name="android.intent.action.MAIN" />
126-->src\main\AndroidManifest.xml:106:17-69
126-->src\main\AndroidManifest.xml:106:25-66
127
128                <category android:name="android.intent.category.LAUNCHER" />
128-->src\main\AndroidManifest.xml:108:17-77
128-->src\main\AndroidManifest.xml:108:27-74
129            </intent-filter>
130        </activity>
131
132        <service
132-->src\main\AndroidManifest.xml:112:9-122:19
133            android:name="com.topflytech.tftble.data.DfuService"
133-->src\main\AndroidManifest.xml:113:13-44
134            android:exported="true"
134-->src\main\AndroidManifest.xml:114:13-36
135            android:foregroundServiceType="connectedDevice"
135-->src\main\AndroidManifest.xml:115:13-60
136            android:label="DFUService" >
136-->src\main\AndroidManifest.xml:116:13-39
137            <intent-filter>
137-->src\main\AndroidManifest.xml:117:13-121:29
138                <action android:name="no.nordicsemi.android.action.DFU_UPLOAD" />
138-->src\main\AndroidManifest.xml:118:17-82
138-->src\main\AndroidManifest.xml:118:25-79
139
140                <category android:name="android.intent.category.DEFAULT" />
140-->src\main\AndroidManifest.xml:120:17-76
140-->src\main\AndroidManifest.xml:120:27-73
141            </intent-filter>
142        </service>
143        <service android:name="com.liulishuo.filedownloader.services.FileDownloadService$SharedMainProcessService" />
143-->[com.liulishuo.filedownloader:library:1.7.7] AndroidManifest.xml:12:9-118
143-->[com.liulishuo.filedownloader:library:1.7.7] AndroidManifest.xml:12:18-115
144        <service
144-->[com.liulishuo.filedownloader:library:1.7.7] AndroidManifest.xml:13:9-15:49
145            android:name="com.liulishuo.filedownloader.services.FileDownloadService$SeparateProcessService"
145-->[com.liulishuo.filedownloader:library:1.7.7] AndroidManifest.xml:14:13-108
146            android:process=":filedownloader" />
146-->[com.liulishuo.filedownloader:library:1.7.7] AndroidManifest.xml:15:13-46
147
148        <activity
148-->[pub.devrel:easypermissions:1.0.1] AndroidManifest.xml:12:9-16:66
149            android:name="pub.devrel.easypermissions.AppSettingsDialogHolderActivity"
149-->[pub.devrel:easypermissions:1.0.1] AndroidManifest.xml:13:13-86
150            android:exported="false"
150-->[pub.devrel:easypermissions:1.0.1] AndroidManifest.xml:14:13-37
151            android:label=""
151-->[pub.devrel:easypermissions:1.0.1] AndroidManifest.xml:15:13-29
152            android:theme="@style/EasyPermissions.Transparent" />
152-->[pub.devrel:easypermissions:1.0.1] AndroidManifest.xml:16:13-63
153
154        <service
154-->[androidx.camera:camera-camera2:1.2.3] AndroidManifest.xml:24:9-33:19
155            android:name="androidx.camera.core.impl.MetadataHolderService"
155-->[androidx.camera:camera-camera2:1.2.3] AndroidManifest.xml:25:13-75
156            android:enabled="false"
156-->[androidx.camera:camera-camera2:1.2.3] AndroidManifest.xml:26:13-36
157            android:exported="false" >
157-->[androidx.camera:camera-camera2:1.2.3] AndroidManifest.xml:27:13-37
158            <meta-data
158-->[androidx.camera:camera-camera2:1.2.3] AndroidManifest.xml:30:13-32:89
159                android:name="androidx.camera.core.impl.MetadataHolderService.DEFAULT_CONFIG_PROVIDER"
159-->[androidx.camera:camera-camera2:1.2.3] AndroidManifest.xml:31:17-103
160                android:value="androidx.camera.camera2.Camera2Config$DefaultProvider" />
160-->[androidx.camera:camera-camera2:1.2.3] AndroidManifest.xml:32:17-86
161        </service>
162
163        <provider
163-->[androidx.profileinstaller:profileinstaller:1.3.1] AndroidManifest.xml:24:9-32:20
164            android:name="androidx.startup.InitializationProvider"
164-->[androidx.profileinstaller:profileinstaller:1.3.1] AndroidManifest.xml:25:13-67
165            android:authorities="com.topflytech.tftble.androidx-startup"
165-->[androidx.profileinstaller:profileinstaller:1.3.1] AndroidManifest.xml:26:13-68
166            android:exported="false" >
166-->[androidx.profileinstaller:profileinstaller:1.3.1] AndroidManifest.xml:27:13-37
167            <meta-data
167-->[androidx.profileinstaller:profileinstaller:1.3.1] AndroidManifest.xml:29:13-31:52
168                android:name="androidx.profileinstaller.ProfileInstallerInitializer"
168-->[androidx.profileinstaller:profileinstaller:1.3.1] AndroidManifest.xml:30:17-85
169                android:value="androidx.startup" />
169-->[androidx.profileinstaller:profileinstaller:1.3.1] AndroidManifest.xml:31:17-49
170        </provider>
171
172        <receiver
172-->[androidx.profileinstaller:profileinstaller:1.3.1] AndroidManifest.xml:34:9-52:20
173            android:name="androidx.profileinstaller.ProfileInstallReceiver"
173-->[androidx.profileinstaller:profileinstaller:1.3.1] AndroidManifest.xml:35:13-76
174            android:directBootAware="false"
174-->[androidx.profileinstaller:profileinstaller:1.3.1] AndroidManifest.xml:36:13-44
175            android:enabled="true"
175-->[androidx.profileinstaller:profileinstaller:1.3.1] AndroidManifest.xml:37:13-35
176            android:exported="true"
176-->[androidx.profileinstaller:profileinstaller:1.3.1] AndroidManifest.xml:38:13-36
177            android:permission="android.permission.DUMP" >
177-->[androidx.profileinstaller:profileinstaller:1.3.1] AndroidManifest.xml:39:13-57
178            <intent-filter>
178-->[androidx.profileinstaller:profileinstaller:1.3.1] AndroidManifest.xml:40:13-42:29
179                <action android:name="androidx.profileinstaller.action.INSTALL_PROFILE" />
179-->[androidx.profileinstaller:profileinstaller:1.3.1] AndroidManifest.xml:41:17-91
179-->[androidx.profileinstaller:profileinstaller:1.3.1] AndroidManifest.xml:41:25-88
180            </intent-filter>
181            <intent-filter>
181-->[androidx.profileinstaller:profileinstaller:1.3.1] AndroidManifest.xml:43:13-45:29
182                <action android:name="androidx.profileinstaller.action.SKIP_FILE" />
182-->[androidx.profileinstaller:profileinstaller:1.3.1] AndroidManifest.xml:44:17-85
182-->[androidx.profileinstaller:profileinstaller:1.3.1] AndroidManifest.xml:44:25-82
183            </intent-filter>
184            <intent-filter>
184-->[androidx.profileinstaller:profileinstaller:1.3.1] AndroidManifest.xml:46:13-48:29
185                <action android:name="androidx.profileinstaller.action.SAVE_PROFILE" />
185-->[androidx.profileinstaller:profileinstaller:1.3.1] AndroidManifest.xml:47:17-88
185-->[androidx.profileinstaller:profileinstaller:1.3.1] AndroidManifest.xml:47:25-85
186            </intent-filter>
187            <intent-filter>
187-->[androidx.profileinstaller:profileinstaller:1.3.1] AndroidManifest.xml:49:13-51:29
188                <action android:name="androidx.profileinstaller.action.BENCHMARK_OPERATION" />
188-->[androidx.profileinstaller:profileinstaller:1.3.1] AndroidManifest.xml:50:17-95
188-->[androidx.profileinstaller:profileinstaller:1.3.1] AndroidManifest.xml:50:25-92
189            </intent-filter>
190        </receiver>
191    </application>
192
193</manifest>